2024-09-29 20:27:05,689 - DEBUG - Loading file: notes1.json as Note 1
2024-09-29 20:27:05,689 - DEBUG - Loading file: notes4.json as Note 4
2024-09-29 20:27:05,690 - DEBUG - Loading file: notes5.json as Note 5
2024-09-29 20:27:05,690 - DEBUG - Loading file: notes2.json as Note 2
2024-09-29 20:27:05,690 - DEBUG - Loading file: notes3.json as Note 3
2024-09-29 20:27:05,690 - INFO - Generating embeddings for headers...
2024-09-29 20:27:05,690 - DEBUG - Generating embeddings for 1 texts.
2024-09-29 20:27:05,919 - DEBUG - Normalized embeddings to unit vectors.
2024-09-29 20:27:05,919 - DEBUG - Generated embeddings shape: (1, 768)
2024-09-29 20:27:05,919 - DEBUG - Generated and cached embedding for header: 'Introduction to Algorithms' with key '1_Introduction to Algorithms'
2024-09-29 20:27:05,920 - DEBUG - Generating embeddings for 1 texts.
2024-09-29 20:27:06,021 - DEBUG - Normalized embeddings to unit vectors.
2024-09-29 20:27:06,021 - DEBUG - Generated embeddings shape: (1, 768)
2024-09-29 20:27:06,021 - DEBUG - Generated and cached embedding for header: 'Sorting Algorithms' with key '1_Sorting Algorithms'
2024-09-29 20:27:06,021 - DEBUG - Generating embeddings for 1 texts.
2024-09-29 20:27:06,041 - DEBUG - Normalized embeddings to unit vectors.
2024-09-29 20:27:06,041 - DEBUG - Generated embeddings shape: (1, 768)
2024-09-29 20:27:06,041 - DEBUG - Generated and cached embedding for header: 'Intro to Algorithms' with key '2_Intro to Algorithms'
2024-09-29 20:27:06,041 - DEBUG - Generating embeddings for 1 texts.
2024-09-29 20:27:06,144 - DEBUG - Normalized embeddings to unit vectors.
2024-09-29 20:27:06,144 - DEBUG - Generated embeddings shape: (1, 768)
2024-09-29 20:27:06,144 - DEBUG - Generated and cached embedding for header: 'Sorting' with key '2_Sorting'
2024-09-29 20:27:06,144 - DEBUG - Generating embeddings for 1 texts.
2024-09-29 20:27:06,248 - DEBUG - Normalized embeddings to unit vectors.
2024-09-29 20:27:06,248 - DEBUG - Generated embeddings shape: (1, 768)
2024-09-29 20:27:06,248 - DEBUG - Generated and cached embedding for header: 'Section 1 The Mongols' with key '3_Section 1 The Mongols'
2024-09-29 20:27:06,248 - DEBUG - Generating embeddings for 1 texts.
2024-09-29 20:27:06,267 - DEBUG - Normalized embeddings to unit vectors.
2024-09-29 20:27:06,267 - DEBUG - Generated embeddings shape: (1, 768)
2024-09-29 20:27:06,267 - DEBUG - Generated and cached embedding for header: 'Advanced Data Structures' with key '4_Advanced Data Structures'
2024-09-29 20:27:06,267 - DEBUG - Generating embeddings for 1 texts.
2024-09-29 20:27:06,284 - DEBUG - Normalized embeddings to unit vectors.
2024-09-29 20:27:06,284 - DEBUG - Generated embeddings shape: (1, 768)
2024-09-29 20:27:06,284 - DEBUG - Generated and cached embedding for header: 'Graph Algorithms' with key '4_Graph Algorithms'
2024-09-29 20:27:06,284 - DEBUG - Generating embeddings for 1 texts.
2024-09-29 20:27:06,301 - DEBUG - Normalized embeddings to unit vectors.
2024-09-29 20:27:06,302 - DEBUG - Generated embeddings shape: (1, 768)
2024-09-29 20:27:06,302 - DEBUG - Generated and cached embedding for header: 'Data Structures' with key '5_Data Structures'
2024-09-29 20:27:06,302 - DEBUG - Generating embeddings for 1 texts.
2024-09-29 20:27:06,320 - DEBUG - Normalized embeddings to unit vectors.
2024-09-29 20:27:06,320 - DEBUG - Generated embeddings shape: (1, 768)
2024-09-29 20:27:06,320 - DEBUG - Generated and cached embedding for header: 'Graph Theory' with key '5_Graph Theory'
2024-09-29 20:27:06,321 - INFO - Comparing headers for similarity and overlap...
2024-09-29 20:27:06,321 - DEBUG - Headers 'Introduction to Algorithms' and 'Sorting Algorithms' have similarity 0.6188 and overlap ratio 0.3333
2024-09-29 20:27:06,321 - DEBUG - Headers 'Introduction to Algorithms' and 'Intro to Algorithms' have similarity 0.9818 and overlap ratio 0.6667
2024-09-29 20:27:06,321 - DEBUG - Headers 'Introduction to Algorithms' and 'Sorting' have similarity 0.3434 and overlap ratio 0.0000
2024-09-29 20:27:06,321 - DEBUG - Headers 'Introduction to Algorithms' and 'Section 1 The Mongols' have similarity 0.1228 and overlap ratio 0.0000
2024-09-29 20:27:06,321 - DEBUG - Headers 'Introduction to Algorithms' and 'Advanced Data Structures' have similarity 0.5207 and overlap ratio 0.0000
2024-09-29 20:27:06,321 - DEBUG - Headers 'Introduction to Algorithms' and 'Graph Algorithms' have similarity 0.7056 and overlap ratio 0.3333
2024-09-29 20:27:06,321 - DEBUG - Headers 'Introduction to Algorithms' and 'Data Structures' have similarity 0.4028 and overlap ratio 0.0000
2024-09-29 20:27:06,321 - DEBUG - Headers 'Introduction to Algorithms' and 'Graph Theory' have similarity 0.3719 and overlap ratio 0.0000
2024-09-29 20:27:06,321 - DEBUG - Headers 'Sorting Algorithms' and 'Intro to Algorithms' have similarity 0.6109 and overlap ratio 0.3333
2024-09-29 20:27:06,321 - DEBUG - Headers 'Sorting Algorithms' and 'Sorting' have similarity 0.8333 and overlap ratio 0.5000
2024-09-29 20:27:06,321 - DEBUG - Headers 'Sorting Algorithms' and 'Section 1 The Mongols' have similarity 0.0706 and overlap ratio 0.0000
2024-09-29 20:27:06,321 - DEBUG - Headers 'Sorting Algorithms' and 'Advanced Data Structures' have similarity 0.3581 and overlap ratio 0.0000
2024-09-29 20:27:06,321 - DEBUG - Headers 'Sorting Algorithms' and 'Graph Algorithms' have similarity 0.5345 and overlap ratio 0.5000
2024-09-29 20:27:06,321 - DEBUG - Headers 'Sorting Algorithms' and 'Data Structures' have similarity 0.3157 and overlap ratio 0.0000
2024-09-29 20:27:06,321 - DEBUG - Headers 'Sorting Algorithms' and 'Graph Theory' have similarity 0.2280 and overlap ratio 0.0000
2024-09-29 20:27:06,321 - DEBUG - Headers 'Intro to Algorithms' and 'Sorting' have similarity 0.3534 and overlap ratio 0.0000
2024-09-29 20:27:06,321 - DEBUG - Headers 'Intro to Algorithms' and 'Section 1 The Mongols' have similarity 0.1150 and overlap ratio 0.0000
2024-09-29 20:27:06,321 - DEBUG - Headers 'Intro to Algorithms' and 'Advanced Data Structures' have similarity 0.5244 and overlap ratio 0.0000
2024-09-29 20:27:06,321 - DEBUG - Headers 'Intro to Algorithms' and 'Graph Algorithms' have similarity 0.6847 and overlap ratio 0.3333
2024-09-29 20:27:06,321 - DEBUG - Headers 'Intro to Algorithms' and 'Data Structures' have similarity 0.4147 and overlap ratio 0.0000
2024-09-29 20:27:06,321 - DEBUG - Headers 'Intro to Algorithms' and 'Graph Theory' have similarity 0.3568 and overlap ratio 0.0000
2024-09-29 20:27:06,321 - DEBUG - Headers 'Sorting' and 'Section 1 The Mongols' have similarity 0.1151 and overlap ratio 0.0000
2024-09-29 20:27:06,322 - DEBUG - Headers 'Sorting' and 'Advanced Data Structures' have similarity 0.3012 and overlap ratio 0.0000
2024-09-29 20:27:06,322 - DEBUG - Headers 'Sorting' and 'Graph Algorithms' have similarity 0.2992 and overlap ratio 0.0000
2024-09-29 20:27:06,322 - DEBUG - Headers 'Sorting' and 'Data Structures' have similarity 0.3390 and overlap ratio 0.0000
2024-09-29 20:27:06,322 - DEBUG - Headers 'Sorting' and 'Graph Theory' have similarity 0.2028 and overlap ratio 0.0000
2024-09-29 20:27:06,322 - DEBUG - Headers 'Section 1 The Mongols' and 'Advanced Data Structures' have similarity 0.0556 and overlap ratio 0.0000
2024-09-29 20:27:06,322 - DEBUG - Headers 'Section 1 The Mongols' and 'Graph Algorithms' have similarity 0.1609 and overlap ratio 0.0000
2024-09-29 20:27:06,322 - DEBUG - Headers 'Section 1 The Mongols' and 'Data Structures' have similarity 0.0885 and overlap ratio 0.0000
2024-09-29 20:27:06,322 - DEBUG - Headers 'Section 1 The Mongols' and 'Graph Theory' have similarity 0.2468 and overlap ratio 0.0000
2024-09-29 20:27:06,322 - DEBUG - Headers 'Advanced Data Structures' and 'Graph Algorithms' have similarity 0.4608 and overlap ratio 0.0000
2024-09-29 20:27:06,322 - DEBUG - Headers 'Advanced Data Structures' and 'Data Structures' have similarity 0.9073 and overlap ratio 0.6667
2024-09-29 20:27:06,322 - DEBUG - Headers 'Advanced Data Structures' and 'Graph Theory' have similarity 0.4192 and overlap ratio 0.0000
2024-09-29 20:27:06,322 - DEBUG - Headers 'Graph Algorithms' and 'Data Structures' have similarity 0.3577 and overlap ratio 0.0000
2024-09-29 20:27:06,322 - DEBUG - Headers 'Graph Algorithms' and 'Graph Theory' have similarity 0.7857 and overlap ratio 0.5000
2024-09-29 20:27:06,322 - DEBUG - Headers 'Data Structures' and 'Graph Theory' have similarity 0.3834 and overlap ratio 0.0000
2024-09-29 20:27:08,095 - DEBUG - Preprocessed and cached sentence: 'Algorithms are used to solve problems' -> 'algorithm used solve problem', avg_word_length: 6.25
2024-09-29 20:27:08,095 - DEBUG - Preprocessed and cached sentence: 'Divide and conquer is a common algorithm technique' -> 'divide conquer common algorithm technique', avg_word_length: 7.4
2024-09-29 20:27:08,095 - DEBUG - Preprocessed and cached sentence: 'Recursion is useful' -> 'recursion useful', avg_word_length: 7.5
2024-09-29 20:27:08,095 - DEBUG - Preprocessed and cached sentence: 'Algorithms solve complex problems' -> 'algorithm solve complex problem', avg_word_length: 7.0
2024-09-29 20:27:08,095 - DEBUG - Preprocessed and cached sentence: 'Divide and conquer is a useful technique' -> 'divide conquer useful technique', avg_word_length: 7.0
2024-09-29 20:27:08,095 - DEBUG - Preprocessed and cached sentence: 'Algorithm complexity matters' -> 'algorithm complexity matter', avg_word_length: 8.333333333333334
2024-09-29 20:27:08,095 - DEBUG - Found 6 unique preprocessed bullets in header group 'Introduction to Algorithms'.
2024-09-29 20:27:08,095 - INFO - Generating embeddings for bullets in header 'Introduction to Algorithms' (Group 1/6)...
2024-09-29 20:27:08,095 - DEBUG - Generating embeddings for 1 texts.
2024-09-29 20:27:08,148 - DEBUG - Normalized embeddings to unit vectors.
2024-09-29 20:27:08,148 - DEBUG - Generated embeddings shape: (1, 768)
2024-09-29 20:27:08,148 - DEBUG - Generated and cached embedding for bullet: 'algorithm solve complex problem'
2024-09-29 20:27:08,148 - DEBUG - Generating embeddings for 1 texts.
2024-09-29 20:27:08,169 - DEBUG - Normalized embeddings to unit vectors.
2024-09-29 20:27:08,169 - DEBUG - Generated embeddings shape: (1, 768)
2024-09-29 20:27:08,169 - DEBUG - Generated and cached embedding for bullet: 'divide conquer useful technique'
2024-09-29 20:27:08,169 - DEBUG - Generating embeddings for 1 texts.
2024-09-29 20:27:08,189 - DEBUG - Normalized embeddings to unit vectors.
2024-09-29 20:27:08,189 - DEBUG - Generated embeddings shape: (1, 768)
2024-09-29 20:27:08,189 - DEBUG - Generated and cached embedding for bullet: 'recursion useful'
2024-09-29 20:27:08,189 - DEBUG - Generating embeddings for 1 texts.
2024-09-29 20:27:08,208 - DEBUG - Normalized embeddings to unit vectors.
2024-09-29 20:27:08,208 - DEBUG - Generated embeddings shape: (1, 768)
2024-09-29 20:27:08,208 - DEBUG - Generated and cached embedding for bullet: 'algorithm complexity matter'
2024-09-29 20:27:08,208 - DEBUG - Generating embeddings for 1 texts.
2024-09-29 20:27:08,422 - DEBUG - Normalized embeddings to unit vectors.
2024-09-29 20:27:08,422 - DEBUG - Generated embeddings shape: (1, 768)
2024-09-29 20:27:08,422 - DEBUG - Generated and cached embedding for bullet: 'divide conquer common algorithm technique'
2024-09-29 20:27:08,422 - DEBUG - Generating embeddings for 1 texts.
2024-09-29 20:27:08,441 - DEBUG - Normalized embeddings to unit vectors.
2024-09-29 20:27:08,441 - DEBUG - Generated embeddings shape: (1, 768)
2024-09-29 20:27:08,441 - DEBUG - Generated and cached embedding for bullet: 'algorithm used solve problem'
2024-09-29 20:27:08,442 - DEBUG - FAISS IndexFlatIP created for dimension: 768.
2024-09-29 20:27:08,442 - DEBUG - Processing sentence 1: 'Algorithms are used to solve problems' from note 1, sentence 1
2024-09-29 20:27:08,442 - DEBUG - Added 1 embeddings to FAISS index. Total embeddings: 1.
2024-09-29 20:27:08,442 - INFO - Retained sentence: 'Algorithms are used to solve problems'
2024-09-29 20:27:08,442 - DEBUG - Processing sentence 2: 'Divide and conquer is a common algorithm technique' from note 1, sentence 2
2024-09-29 20:27:08,447 - DEBUG - Added 1 embeddings to FAISS index. Total embeddings: 2.
2024-09-29 20:27:08,447 - INFO - Retained sentence: 'Divide and conquer is a common algorithm technique'
2024-09-29 20:27:08,447 - DEBUG - Processing sentence 3: 'Recursion is useful' from note 1, sentence 3
2024-09-29 20:27:08,447 - DEBUG - Added 1 embeddings to FAISS index. Total embeddings: 3.
2024-09-29 20:27:08,447 - INFO - Retained sentence: 'Recursion is useful'
2024-09-29 20:27:08,447 - DEBUG - Processing sentence 4: 'Algorithms solve complex problems' from note 2, sentence 1
2024-09-29 20:27:08,447 - DEBUG - Comparing with retained sentence: 'Algorithms are used to solve problems' | Similarity: 0.8460 | Overlap Ratio: 0.7500
2024-09-29 20:27:08,447 - INFO - Replacing retained sentence 'Algorithms are used to solve problems' (avg word length 6.25) with 'Algorithms solve complex problems' (avg word length 7.00) due to higher average word length.
2024-09-29 20:27:08,447 - DEBUG - Processing sentence 5: 'Divide and conquer is a useful technique' from note 2, sentence 2
2024-09-29 20:27:08,447 - DEBUG - Comparing with retained sentence: 'Divide and conquer is a common algorithm technique' | Similarity: 0.8008 | Overlap Ratio: 0.6000
2024-09-29 20:27:08,447 - INFO - Discarding sentence 'Divide and conquer is a useful technique' (avg word length 7.00) due to duplication with retained sentence 'Divide and conquer is a common algorithm technique' (avg word length 7.40).
2024-09-29 20:27:08,447 - DEBUG - Processing sentence 6: 'Algorithm complexity matters' from note 2, sentence 3
2024-09-29 20:27:08,447 - DEBUG - Added 1 embeddings to FAISS index. Total embeddings: 4.
2024-09-29 20:27:08,447 - INFO - Retained sentence: 'Algorithm complexity matters'
2024-09-29 20:27:08,447 - INFO - Total retained sentences after deduplication: 4
2024-09-29 20:27:08,447 - DEBUG - Preprocessed and cached sentence: 'Quick sort is efficient' -> 'quick sort efficient', avg_word_length: 6.0
2024-09-29 20:27:08,448 - DEBUG - Preprocessed and cached sentence: 'Merge sort is a stable sorting algorithm' -> 'merge sort stable sorting algorithm', avg_word_length: 6.2
2024-09-29 20:27:08,448 - DEBUG - Preprocessed and cached sentence: 'Quick sort is fast' -> 'quick sort fast', avg_word_length: 4.333333333333333
2024-09-29 20:27:08,448 - DEBUG - Preprocessed and cached sentence: 'Merge sort is stable' -> 'merge sort stable', avg_word_length: 5.0
2024-09-29 20:27:08,448 - DEBUG - Preprocessed and cached sentence: 'Bubble sort is simple but slow' -> 'bubble sort simple slow', avg_word_length: 5.0
2024-09-29 20:27:08,448 - DEBUG - Found 5 unique preprocessed bullets in header group 'Sorting Algorithms'.
2024-09-29 20:27:08,448 - INFO - Generating embeddings for bullets in header 'Sorting Algorithms' (Group 2/6)...
2024-09-29 20:27:08,448 - DEBUG - Generating embeddings for 1 texts.
2024-09-29 20:27:08,469 - DEBUG - Normalized embeddings to unit vectors.
2024-09-29 20:27:08,469 - DEBUG - Generated embeddings shape: (1, 768)
2024-09-29 20:27:08,469 - DEBUG - Generated and cached embedding for bullet: 'quick sort efficient'
2024-09-29 20:27:08,469 - DEBUG - Generating embeddings for 1 texts.
2024-09-29 20:27:08,485 - DEBUG - Normalized embeddings to unit vectors.
2024-09-29 20:27:08,485 - DEBUG - Generated embeddings shape: (1, 768)
2024-09-29 20:27:08,485 - DEBUG - Generated and cached embedding for bullet: 'merge sort stable'
2024-09-29 20:27:08,485 - DEBUG - Generating embeddings for 1 texts.
2024-09-29 20:27:08,505 - DEBUG - Normalized embeddings to unit vectors.
2024-09-29 20:27:08,505 - DEBUG - Generated embeddings shape: (1, 768)
2024-09-29 20:27:08,505 - DEBUG - Generated and cached embedding for bullet: 'bubble sort simple slow'
2024-09-29 20:27:08,505 - DEBUG - Generating embeddings for 1 texts.
2024-09-29 20:27:08,528 - DEBUG - Normalized embeddings to unit vectors.
2024-09-29 20:27:08,528 - DEBUG - Generated embeddings shape: (1, 768)
2024-09-29 20:27:08,528 - DEBUG - Generated and cached embedding for bullet: 'merge sort stable sorting algorithm'
2024-09-29 20:27:08,528 - DEBUG - Generating embeddings for 1 texts.
2024-09-29 20:27:08,546 - DEBUG - Normalized embeddings to unit vectors.
2024-09-29 20:27:08,546 - DEBUG - Generated embeddings shape: (1, 768)
2024-09-29 20:27:08,546 - DEBUG - Generated and cached embedding for bullet: 'quick sort fast'
2024-09-29 20:27:08,546 - DEBUG - FAISS IndexFlatIP created for dimension: 768.
2024-09-29 20:27:08,546 - DEBUG - Processing sentence 1: 'Quick sort is efficient' from note 1, sentence 1
2024-09-29 20:27:08,546 - DEBUG - Added 1 embeddings to FAISS index. Total embeddings: 1.
2024-09-29 20:27:08,546 - INFO - Retained sentence: 'Quick sort is efficient'
2024-09-29 20:27:08,546 - DEBUG - Processing sentence 2: 'Merge sort is a stable sorting algorithm' from note 1, sentence 2
2024-09-29 20:27:08,547 - DEBUG - Added 1 embeddings to FAISS index. Total embeddings: 2.
2024-09-29 20:27:08,547 - INFO - Retained sentence: 'Merge sort is a stable sorting algorithm'
2024-09-29 20:27:08,547 - DEBUG - Processing sentence 3: 'Quick sort is fast' from note 2, sentence 1
2024-09-29 20:27:08,547 - DEBUG - Comparing with retained sentence: 'Quick sort is efficient' | Similarity: 0.9541 | Overlap Ratio: 0.6667
2024-09-29 20:27:08,547 - INFO - Discarding sentence 'Quick sort is fast' (avg word length 4.33) due to duplication with retained sentence 'Quick sort is efficient' (avg word length 6.00).
2024-09-29 20:27:08,547 - DEBUG - Processing sentence 4: 'Merge sort is stable' from note 2, sentence 2
2024-09-29 20:27:08,547 - DEBUG - Comparing with retained sentence: 'Merge sort is a stable sorting algorithm' | Similarity: 0.8665 | Overlap Ratio: 0.6000
2024-09-29 20:27:08,547 - INFO - Discarding sentence 'Merge sort is stable' (avg word length 5.00) due to duplication with retained sentence 'Merge sort is a stable sorting algorithm' (avg word length 6.20).
2024-09-29 20:27:08,547 - DEBUG - Processing sentence 5: 'Bubble sort is simple but slow' from note 2, sentence 3
2024-09-29 20:27:08,547 - DEBUG - Comparing with retained sentence: 'Quick sort is efficient' | Similarity: 0.7428 | Overlap Ratio: 0.2500
2024-09-29 20:27:08,547 - DEBUG - Added 1 embeddings to FAISS index. Total embeddings: 3.
2024-09-29 20:27:08,547 - INFO - Retained sentence: 'Bubble sort is simple but slow'
2024-09-29 20:27:08,547 - INFO - Total retained sentences after deduplication: 3
2024-09-29 20:27:08,547 - DEBUG - Preprocessed and cached sentence: 'I like to eat pie and cake' -> 'like eat pie cake', avg_word_length: 3.5
2024-09-29 20:27:08,547 - DEBUG - Preprocessed and cached sentence: 'the mongols were cool' -> 'mongol cool', avg_word_length: 5.0
2024-09-29 20:27:08,547 - DEBUG - Preprocessed and cached sentence: 'i think today is great' -> 'think today great', avg_word_length: 5.0
2024-09-29 20:27:08,547 - DEBUG - Found 3 unique preprocessed bullets in header group 'Section 1 The Mongols'.
2024-09-29 20:27:08,547 - INFO - Generating embeddings for bullets in header 'Section 1 The Mongols' (Group 3/6)...
2024-09-29 20:27:08,547 - DEBUG - Generating embeddings for 1 texts.
2024-09-29 20:27:08,564 - DEBUG - Normalized embeddings to unit vectors.
2024-09-29 20:27:08,564 - DEBUG - Generated embeddings shape: (1, 768)
2024-09-29 20:27:08,564 - DEBUG - Generated and cached embedding for bullet: 'mongol cool'
2024-09-29 20:27:08,564 - DEBUG - Generating embeddings for 1 texts.
2024-09-29 20:27:08,584 - DEBUG - Normalized embeddings to unit vectors.
2024-09-29 20:27:08,584 - DEBUG - Generated embeddings shape: (1, 768)
2024-09-29 20:27:08,584 - DEBUG - Generated and cached embedding for bullet: 'like eat pie cake'
2024-09-29 20:27:08,584 - DEBUG - Generating embeddings for 1 texts.
2024-09-29 20:27:08,603 - DEBUG - Normalized embeddings to unit vectors.
2024-09-29 20:27:08,603 - DEBUG - Generated embeddings shape: (1, 768)
2024-09-29 20:27:08,603 - DEBUG - Generated and cached embedding for bullet: 'think today great'
2024-09-29 20:27:08,603 - DEBUG - FAISS IndexFlatIP created for dimension: 768.
2024-09-29 20:27:08,603 - DEBUG - Processing sentence 1: 'I like to eat pie and cake' from note 3, sentence 1
2024-09-29 20:27:08,603 - DEBUG - Added 1 embeddings to FAISS index. Total embeddings: 1.
2024-09-29 20:27:08,603 - INFO - Retained sentence: 'I like to eat pie and cake'
2024-09-29 20:27:08,603 - DEBUG - Processing sentence 2: 'the mongols were cool' from note 3, sentence 2
2024-09-29 20:27:08,603 - DEBUG - Added 1 embeddings to FAISS index. Total embeddings: 2.
2024-09-29 20:27:08,603 - INFO - Retained sentence: 'the mongols were cool'
2024-09-29 20:27:08,603 - DEBUG - Processing sentence 3: 'i think today is great' from note 3, sentence 3
2024-09-29 20:27:08,603 - DEBUG - Added 1 embeddings to FAISS index. Total embeddings: 3.
2024-09-29 20:27:08,603 - INFO - Retained sentence: 'i think today is great'
2024-09-29 20:27:08,603 - INFO - Total retained sentences after deduplication: 3
2024-09-29 20:27:08,603 - DEBUG - Preprocessed and cached sentence: 'Trees are hierarchical structures' -> 'tree hierarchical structure', avg_word_length: 8.333333333333334
2024-09-29 20:27:08,603 - DEBUG - Preprocessed and cached sentence: 'Graphs can represent networks' -> 'graph represent network', avg_word_length: 7.0
2024-09-29 20:27:08,603 - DEBUG - Preprocessed and cached sentence: 'Hash tables provide fast lookups' -> 'hash table provide fast lookup', avg_word_length: 5.2
2024-09-29 20:27:08,604 - DEBUG - Preprocessed and cached sentence: 'Trees are important' -> 'tree important', avg_word_length: 6.5
2024-09-29 20:27:08,604 - DEBUG - Preprocessed and cached sentence: 'Graphs represent relations' -> 'graph represent relation', avg_word_length: 7.333333333333333
2024-09-29 20:27:08,604 - DEBUG - Preprocessed and cached sentence: 'Hash maps store key-value pairs' -> 'hash map store key value pair', avg_word_length: 4.0
2024-09-29 20:27:08,604 - DEBUG - Found 6 unique preprocessed bullets in header group 'Advanced Data Structures'.
2024-09-29 20:27:08,604 - INFO - Generating embeddings for bullets in header 'Advanced Data Structures' (Group 4/6)...
2024-09-29 20:27:08,604 - DEBUG - Generating embeddings for 1 texts.
2024-09-29 20:27:08,716 - DEBUG - Normalized embeddings to unit vectors.
2024-09-29 20:27:08,716 - DEBUG - Generated embeddings shape: (1, 768)
2024-09-29 20:27:08,716 - DEBUG - Generated and cached embedding for bullet: 'hash table provide fast lookup'
2024-09-29 20:27:08,716 - DEBUG - Generating embeddings for 1 texts.
2024-09-29 20:27:08,733 - DEBUG - Normalized embeddings to unit vectors.
2024-09-29 20:27:08,733 - DEBUG - Generated embeddings shape: (1, 768)
2024-09-29 20:27:08,733 - DEBUG - Generated and cached embedding for bullet: 'graph represent relation'
2024-09-29 20:27:08,733 - DEBUG - Generating embeddings for 1 texts.
2024-09-29 20:27:08,750 - DEBUG - Normalized embeddings to unit vectors.
2024-09-29 20:27:08,750 - DEBUG - Generated embeddings shape: (1, 768)
2024-09-29 20:27:08,750 - DEBUG - Generated and cached embedding for bullet: 'tree hierarchical structure'
2024-09-29 20:27:08,750 - DEBUG - Generating embeddings for 1 texts.
2024-09-29 20:27:08,766 - DEBUG - Normalized embeddings to unit vectors.
2024-09-29 20:27:08,766 - DEBUG - Generated embeddings shape: (1, 768)
2024-09-29 20:27:08,767 - DEBUG - Generated and cached embedding for bullet: 'hash map store key value pair'
2024-09-29 20:27:08,767 - DEBUG - Generating embeddings for 1 texts.
2024-09-29 20:27:08,782 - DEBUG - Normalized embeddings to unit vectors.
2024-09-29 20:27:08,783 - DEBUG - Generated embeddings shape: (1, 768)
2024-09-29 20:27:08,783 - DEBUG - Generated and cached embedding for bullet: 'graph represent network'
2024-09-29 20:27:08,783 - DEBUG - Generating embeddings for 1 texts.
2024-09-29 20:27:08,799 - DEBUG - Normalized embeddings to unit vectors.
2024-09-29 20:27:08,799 - DEBUG - Generated embeddings shape: (1, 768)
2024-09-29 20:27:08,799 - DEBUG - Generated and cached embedding for bullet: 'tree important'
2024-09-29 20:27:08,799 - DEBUG - FAISS IndexFlatIP created for dimension: 768.
2024-09-29 20:27:08,799 - DEBUG - Processing sentence 1: 'Trees are hierarchical structures' from note 4, sentence 1
2024-09-29 20:27:08,799 - DEBUG - Added 1 embeddings to FAISS index. Total embeddings: 1.
2024-09-29 20:27:08,799 - INFO - Retained sentence: 'Trees are hierarchical structures'
2024-09-29 20:27:08,799 - DEBUG - Processing sentence 2: 'Graphs can represent networks' from note 4, sentence 2
2024-09-29 20:27:08,799 - DEBUG - Added 1 embeddings to FAISS index. Total embeddings: 2.
2024-09-29 20:27:08,799 - INFO - Retained sentence: 'Graphs can represent networks'
2024-09-29 20:27:08,799 - DEBUG - Processing sentence 3: 'Hash tables provide fast lookups' from note 4, sentence 3
2024-09-29 20:27:08,799 - DEBUG - Added 1 embeddings to FAISS index. Total embeddings: 3.
2024-09-29 20:27:08,800 - INFO - Retained sentence: 'Hash tables provide fast lookups'
2024-09-29 20:27:08,800 - DEBUG - Processing sentence 4: 'Trees are important' from note 5, sentence 1
2024-09-29 20:27:08,800 - DEBUG - Added 1 embeddings to FAISS index. Total embeddings: 4.
2024-09-29 20:27:08,800 - INFO - Retained sentence: 'Trees are important'
2024-09-29 20:27:08,800 - DEBUG - Processing sentence 5: 'Graphs represent relations' from note 5, sentence 2
2024-09-29 20:27:08,800 - DEBUG - Comparing with retained sentence: 'Graphs can represent networks' | Similarity: 0.7029 | Overlap Ratio: 0.6667
2024-09-29 20:27:08,800 - INFO - Replacing retained sentence 'Graphs can represent networks' (avg word length 7.00) with 'Graphs represent relations' (avg word length 7.33) due to higher average word length.
2024-09-29 20:27:08,800 - DEBUG - Processing sentence 6: 'Hash maps store key-value pairs' from note 5, sentence 3
2024-09-29 20:27:08,800 - DEBUG - Added 1 embeddings to FAISS index. Total embeddings: 5.
2024-09-29 20:27:08,800 - INFO - Retained sentence: 'Hash maps store key-value pairs'
2024-09-29 20:27:08,800 - INFO - Total retained sentences after deduplication: 5
2024-09-29 20:27:08,800 - DEBUG - Preprocessed and cached sentence: 'Dijkstra's algorithm finds shortest paths' -> 'dijkstra algorithm find shortest path', avg_word_length: 6.6
2024-09-29 20:27:08,800 - DEBUG - Preprocessed and cached sentence: 'Depth-first search explores as far as possible along each branch' -> 'depth first search explores far possible along branch', avg_word_length: 5.75
2024-09-29 20:27:08,800 - DEBUG - Found 2 unique preprocessed bullets in header group 'Graph Algorithms'.
2024-09-29 20:27:08,800 - INFO - Generating embeddings for bullets in header 'Graph Algorithms' (Group 5/6)...
2024-09-29 20:27:08,800 - DEBUG - Generating embeddings for 1 texts.
2024-09-29 20:27:08,914 - DEBUG - Normalized embeddings to unit vectors.
2024-09-29 20:27:08,914 - DEBUG - Generated embeddings shape: (1, 768)
2024-09-29 20:27:08,914 - DEBUG - Generated and cached embedding for bullet: 'depth first search explores far possible along branch'
2024-09-29 20:27:08,914 - DEBUG - Generating embeddings for 1 texts.
2024-09-29 20:27:09,116 - DEBUG - Normalized embeddings to unit vectors.
2024-09-29 20:27:09,116 - DEBUG - Generated embeddings shape: (1, 768)
2024-09-29 20:27:09,116 - DEBUG - Generated and cached embedding for bullet: 'dijkstra algorithm find shortest path'
2024-09-29 20:27:09,116 - DEBUG - FAISS IndexFlatIP created for dimension: 768.
2024-09-29 20:27:09,116 - DEBUG - Processing sentence 1: 'Dijkstra's algorithm finds shortest paths' from note 4, sentence 1
2024-09-29 20:27:09,116 - DEBUG - Added 1 embeddings to FAISS index. Total embeddings: 1.
2024-09-29 20:27:09,116 - INFO - Retained sentence: 'Dijkstra's algorithm finds shortest paths'
2024-09-29 20:27:09,116 - DEBUG - Processing sentence 2: 'Depth-first search explores as far as possible along each branch' from note 4, sentence 2
2024-09-29 20:27:09,116 - DEBUG - Added 1 embeddings to FAISS index. Total embeddings: 2.
2024-09-29 20:27:09,116 - INFO - Retained sentence: 'Depth-first search explores as far as possible along each branch'
2024-09-29 20:27:09,116 - INFO - Total retained sentences after deduplication: 2
2024-09-29 20:27:09,117 - DEBUG - Preprocessed and cached sentence: 'Dijkstra's algorithm computes shortest paths' -> 'dijkstra algorithm computes shortest path', avg_word_length: 7.4
2024-09-29 20:27:09,117 - DEBUG - Preprocessed and cached sentence: 'Depth-first search is used in various algorithms' -> 'depth first search used various algorithm', avg_word_length: 6.0
2024-09-29 20:27:09,117 - DEBUG - Found 2 unique preprocessed bullets in header group 'Graph Theory'.
2024-09-29 20:27:09,117 - INFO - Generating embeddings for bullets in header 'Graph Theory' (Group 6/6)...
2024-09-29 20:27:09,117 - DEBUG - Generating embeddings for 1 texts.
2024-09-29 20:27:09,136 - DEBUG - Normalized embeddings to unit vectors.
2024-09-29 20:27:09,136 - DEBUG - Generated embeddings shape: (1, 768)
2024-09-29 20:27:09,136 - DEBUG - Generated and cached embedding for bullet: 'dijkstra algorithm computes shortest path'
2024-09-29 20:27:09,136 - DEBUG - Generating embeddings for 1 texts.
2024-09-29 20:27:09,152 - DEBUG - Normalized embeddings to unit vectors.
2024-09-29 20:27:09,152 - DEBUG - Generated embeddings shape: (1, 768)
2024-09-29 20:27:09,152 - DEBUG - Generated and cached embedding for bullet: 'depth first search used various algorithm'
2024-09-29 20:27:09,153 - DEBUG - FAISS IndexFlatIP created for dimension: 768.
2024-09-29 20:27:09,153 - DEBUG - Processing sentence 1: 'Dijkstra's algorithm computes shortest paths' from note 5, sentence 1
2024-09-29 20:27:09,153 - DEBUG - Added 1 embeddings to FAISS index. Total embeddings: 1.
2024-09-29 20:27:09,153 - INFO - Retained sentence: 'Dijkstra's algorithm computes shortest paths'
2024-09-29 20:27:09,153 - DEBUG - Processing sentence 2: 'Depth-first search is used in various algorithms' from note 5, sentence 2
2024-09-29 20:27:09,153 - DEBUG - Added 1 embeddings to FAISS index. Total embeddings: 2.
2024-09-29 20:27:09,153 - INFO - Retained sentence: 'Depth-first search is used in various algorithms'
2024-09-29 20:27:09,153 - INFO - Total retained sentences after deduplication: 2
